Arguments: 
  E:\前端\quote\node\node.exe C:\Program Files (x86)\Yarn\bin\yarn.js add -D vuepres

PATH: 
  D:\DISK-D\cmder\bin;D:\DISK-D\cmder\vendor\conemu-maximus5\ConEmu\Scripts;D:\DISK-D\cmder\vendor\conemu-maximus5;D:\DISK-D\cmder\vendor\conemu-maximus5\ConEmu;C:\Program Files (x86)\Common Files\Intel\Shared Libraries\redist\intel64\compiler;C:\Windows\system32;C:\Windows;C:\Windows\System32\Wbem;C:\Windows\System32\WindowsPowerShell\v1.0\;D:\DISK-D\Unity\gtk\bin;C:\WINDOWS\system32;C:\WINDOWS;C:\WINDOWS\System32\Wbem;C:\WINDOWS\System32\WindowsPowerShell\v1.0\;C:\Program Files\Common Files\Autodesk Shared\;C:\Users\楷楷的仙女儿\AppData\Roaming\npm;D:\DISK-D\git\Git\cmd;D:\DISK-D\JDK\jdk\bin;D:\DISK-D\JDK\jdk\jre\bin;C:\WINDOWS\System32\OpenSSH\;D:\DISK-D\putty\;D:\VPN\OpenVPN\bin;C:\ProgramData\chocolatey\bin;C:\Program Files (x86)\Yarn\bin\;C:\Program Files (x86)\NVIDIA Corporation\PhysX\Common;C:\Program Files\NVIDIA Corporation\NVIDIA NvDLISR;C:\WINDOWS\system32;C:\WINDOWS;C:\WINDOWS\System32\Wbem;C:\WINDOWS\System32\WindowsPowerShell\v1.0\;C:\WINDOWS\System32\OpenSSH\;E:\前端\quote\node;C:\Users\楷楷的仙女儿\AppData\Local\Microsoft\WindowsApps;C:\Users\楷楷的仙女儿\AppData\Local\GitHubDesktop\bin;D:\web\quote\node\;C:\Users\楷楷的仙女儿\AppData\Local\Microsoft\WindowsApps;C:\Users\楷楷的仙女儿\AppData\Roaming\npm;C:\Users\楷楷的仙女儿\AppData\Local\Yarn\bin;D:\DISK-D\vscode\Microsoft VS Code\bin;D:\DISK-D\git\Git\mingw64;D:\DISK-D\git\Git\usr\bin;D:\DISK-D\cmder

Yarn version: 
  1.12.3

Node version: 
  11.10.0

Platform: 
  win32 x64

Trace: 
  Error: https://registry.yarnpkg.com/vuepres: Not found
      at Request.params.callback [as _callback] (C:\Program Files (x86)\Yarn\lib\cli.js:65003:18)
      at Request.self.callback (C:\Program Files (x86)\Yarn\lib\cli.js:129018:22)
      at Request.emit (events.js:197:13)
      at Request.<anonymous> (C:\Program Files (x86)\Yarn\lib\cli.js:129990:10)
      at Request.emit (events.js:197:13)
      at IncomingMessage.<anonymous> (C:\Program Files (x86)\Yarn\lib\cli.js:129912:12)
      at Object.onceWrapper (events.js:285:13)
      at IncomingMessage.emit (events.js:202:15)
      at endReadableNT (_stream_readable.js:1129:12)
      at processTicksAndRejections (internal/process/next_tick.js:76:17)

npm manifest: 
  {
    "name": "vue-press",
    "version": "1.0.0",
    "description": "vue-press 初次试用 ",
    "main": "index.js",
    "author": "鱼小柔",
    "license": "MIT"
  }

yarn manifest: 
  No manifest

Lockfile: 
  # THIS IS AN AUTOGENERATED FILE. DO NOT EDIT THIS FILE DIRECTLY.
  # yarn lockfile v1
